[INFO] Scanning for projects...
[INFO] 
[INFO] ---------------< com.expensetracker:expense-tracker-api >---------------
[INFO] Building ExpenseTracker 1.0.0
[INFO]   from pom.xml
[INFO] --------------------------------[ jar ]---------------------------------
[INFO] 
[INFO] --- clean:3.3.2:clean (default-clean) @ expense-tracker-api ---
[INFO] Deleting D:\expenses-tracker-api\target
[INFO] 
[INFO] --- resources:3.3.1:resources (default-resources) @ expense-tracker-api ---
[INFO] Copying 1 resource from src\main\resources to target\classes
[INFO] Copying 1 resource from src\main\resources to target\classes
[INFO] 
[INFO] --- compiler:3.11.0:compile (default-compile) @ expense-tracker-api ---
[INFO] Changes detected - recompiling the module! :source
[INFO] Compiling 36 source files with javac [debug release 17] to target\classes
[INFO] -------------------------------------------------------------
[WARNING] COMPILATION WARNING : 
[INFO] -------------------------------------------------------------
[WARNING] /D:/expenses-tracker-api/src/main/java/com/expensestracker/config/SecurityConfig.java:[39,40] frameOptions() in org.springframework.security.config.annotation.web.configurers.HeadersConfigurer has been deprecated and marked for removal
[INFO] 1 warning
[INFO] -------------------------------------------------------------
[INFO] -------------------------------------------------------------
[ERROR] COMPILATION ERROR : 
[INFO] -------------------------------------------------------------
[ERROR] /D:/expenses-tracker-api/src/main/java/com/expensestracker/service/CategoryService.java:[58,34] cannot find symbol
  symbol:   method findByUserIsNull()
  location: variable categoryRepository of type com.expensestracker.repository.CategoryRepository
[ERROR] /D:/expenses-tracker-api/src/main/java/com/expensestracker/service/CategoryService.java:[80,39] cannot find symbol
  symbol:   method getCategoryName()
  location: variable category of type com.expensestracker.model.Category
[ERROR] /D:/expenses-tracker-api/src/main/java/com/expensestracker/service/CategoryService.java:[81,39] cannot find symbol
  symbol:   method getCategoryType()
  location: variable category of type com.expensestracker.model.Category
[INFO] 3 errors 
[INFO] -------------------------------------------------------------
[INFO] ------------------------------------------------------------------------
[INFO] BUILD FAILURE
[INFO] ------------------------------------------------------------------------
[INFO] Total time:  1.829 s
[INFO] Finished at: 2025-12-08T00:20:05+08:00
[INFO] ------------------------------------------------------------------------
[ERROR] Failed to execute goal org.apache.maven.plugins:maven-compiler-plugin:3.11.0:compile (default-compile) on project expense-tracker-api: Compilation failure: Compilation failure: 
[ERROR] /D:/expenses-tracker-api/src/main/java/com/expensestracker/service/CategoryService.java:[58,34] cannot find symbol
[ERROR]   symbol:   method findByUserIsNull()
[ERROR]   location: variable categoryRepository of type com.expensestracker.repository.CategoryRepository
[ERROR] /D:/expenses-tracker-api/src/main/java/com/expensestracker/service/CategoryService.java:[80,39] cannot find symbol
[ERROR]   symbol:   method getCategoryName()
[ERROR]   location: variable category of type com.expensestracker.model.Category
[ERROR] /D:/expenses-tracker-api/src/main/java/com/expensestracker/service/CategoryService.java:[81,39] cannot find symbol
[ERROR]   symbol:   method getCategoryType()
[ERROR]   location: variable category of type com.expensestracker.model.Category
[ERROR] -> [Help 1]
[ERROR] 
[ERROR] To see the full stack trace of the errors, re-run Maven with the -e switch.
[ERROR] Re-run Maven using the -X switch to enable full debug logging.
[ERROR] 
[ERROR] For more information about the errors and possible solutions, please read the following articles:
[ERROR] [Help 1] http://cwiki.apache.org/confluence/display/MAVEN/MojoFailureException
